<?xml version="1.0" encoding="UTF-8" ?>
<testsuite tests="20" failures="0" name="com.world.controller.api.RestTest" time="5.628" errors="0" skipped="0">
  <properties>
[...]
</properties>
  <testcase classname="com.world.controller.api.RestTest" name="testCancelOrder" time="1.432"/>
  <testcase classname="com.world.controller.api.RestTest" name="testGetOrder" time="0.059"/>
  <testcase classname="com.world.controller.api.RestTest" name="testGetOrders" time="0.268"/>
  <testcase classname="com.world.controller.api.RestTest" name="testGetOrdersNew" time="0.287"/>
  <testcase classname="com.world.controller.api.RestTest" name="withdraw" time="0.087"/>
  <testcase classname="com.world.controller.api.RestTest" name="testTicker" time="0.064"/>
  <testcase classname="com.world.controller.api.RestTest" name="testDepth" time="0.033"/>
  <testcase classname="com.world.controller.api.RestTest" name="testTrades" time="0.032"/>
  <testcase classname="com.world.controller.api.RestTest" name="testKline" time="0.082"/>
  <testcase classname="com.world.controller.api.RestTest" name="testOrder" time="0.053"/>
  <testcase classname="com.world.controller.api.RestTest" name="getUnfinishedOrdersIgnoreTradeType" time="0.299"/>
  <testcase classname="com.world.controller.api.RestTest" name="testGetAccountInfo" time="2.056"/>
  <testcase classname="com.world.controller.api.RestTest" name="getOrdersIgnoreTradeType" time="0.301"/>
  <testcase classname="com.world.controller.api.RestTest" name="testGetUserAddress" time="0.084"/>
  <testcase classname="com.world.controller.api.RestTest" name="testGetWithdrawAddress" time="0.081"/>
  <testcase classname="com.world.controller.api.RestTest" name="testGetWithdrawRecord" time="0.095"/>
  <testcase classname="com.world.controller.api.RestTest" name="testGetChargeRecord" time="0.06"/>
  <testcase classname="com.world.controller.api.RestTest" name="testGetCnyChargeRecord" time="0.081"/>
  <testcase classname="com.world.controller.api.RestTest" name="testGetCnyWithdrawRecord" time="0.09"/>
  <testcase classname="com.world.controller.api.RestTest" name="testCancelWithdraw" time="0.084"/>
</testsuite>